This is pdfTeX, Version 3.1415926-2.5-1.40.14 (TeX Live 2013/Debian) (format=pdflatex 2016.1.4)  9 MAY 2016 10:20
entering extended mode
 restricted \write18 enabled.
 %&-line parsing enabled.
**literature.tex
(./literature.tex
LaTeX2e <2011/06/27>
Babel <3.9h> and hyphenation patterns for 9 languages loaded.

! LaTeX Error: Environment thebibliography undefined.

See the LaTeX manual or LaTeX Companion for explanation.
Type  H <return>  for immediate help.
 ...                                              
                                                  
l.1 \begin{thebibliography}
                           {9}
Your command was ignored.
Type  I <command> <return>  to replace it with another command,
or  <return>  to continue without it.


! LaTeX Error: Missing \begin{document}.

See the LaTeX manual or LaTeX Companion for explanation.
Type  H <return>  for immediate help.
 ...                                              
                                                  
l.1 \begin{thebibliography}{9
                             }
You're in trouble here.  Try typing  <return>  to proceed.
If that doesn't work, type  X <return>  to quit.

Missing character: There is no 9 in font nullfont!

Overfull \hbox (20.0pt too wide) in paragraph at lines 1--2
[] 
 []


! LaTeX Error: Lonely \item--perhaps a missing list environment.

See the LaTeX manual or LaTeX Companion for explanation.
Type  H <return>  for immediate help.
 ...                                              
                                                  
l.2 \bibitem[–†–∏—Ö—Ç–º–∞–π–µ—Ä]{richt}
                                       \href{https://issuu.com/fwebsite/docs...

Try typing  <return>  to proceed.
If that doesn't work, type  X <return>  to quit.

\bibcite{richt}{–†–∏—Ö—Ç–º–∞–π–µ—Ä}
! Undefined control sequence.
l.2 \bibitem[–†–∏—Ö—Ç–º–∞–π–µ—Ä]{richt}\href
                                            {https://issuu.com/fwebsite/docs...
The control sequence at the end of the top line
of your error message was never \def'ed. If you have
misspelled it (e.g., `\hobx'), type `I' and the correct
spelling (e.g., `I\hbox'). Otherwise just continue,
and I'll forget about whatever was undefined.

Missing character: There is no h in font nullfont!
Missing character: There is no t in font nullfont!
Missing character: There is no t in font nullfont!
Missing character: There is no p in font nullfont!
Missing character: There is no s in font nullfont!
Missing character: There is no : in font nullfont!
Missing character: There is no / in font nullfont!
Missing character: There is no / in font nullfont!
Missing character: There is no i in font nullfont!
Missing character: There is no s in font nullfont!
Missing character: There is no s in font nullfont!
Missing character: There is no u in font nullfont!
Missing character: There is no u in font nullfont!
Missing character: There is no . in font nullfont!
Missing character: There is no c in font nullfont!
Missing character: There is no o in font nullfont!
Missing character: There is no m in font nullfont!
Missing character: There is no / in font nullfont!
Missing character: There is no f in font nullfont!
Missing character: There is no w in font nullfont!
Missing character: There is no e in font nullfont!
Missing character: There is no b in font nullfont!
Missing character: There is no s in font nullfont!
Missing character: There is no i in font nullfont!
Missing character: There is no t in font nullfont!
Missing character: There is no e in font nullfont!
Missing character: There is no / in font nullfont!
Missing character: There is no d in font nullfont!
Missing character: There is no o in font nullfont!
Missing character: There is no c in font nullfont!
Missing character: There is no s in font nullfont!
Missing character: There is no / in font nullfont!
Missing character: There is no r in font nullfont!
Missing character: There is no i in font nullfont!
Missing character: There is no x in font nullfont!
Missing character: There is no t in font nullfont!
Missing character: There is no m in font nullfont!
Missing character: There is no a in font nullfont!
Missing character: There is no j in font nullfont!
Missing character: There is no e in font nullfont!
Missing character: There is no r in font nullfont!
! Missing $ inserted.
<inserted text> 
                $
l.2 ...{https://issuu.com/fwebsite/docs/rixtmajer_
                                                  morton_raznostnie_metody_}...
I've inserted a begin-math/end-math symbol since I think
you left one out. Proceed, with fingers crossed.

LaTeX Font Info:    External font `cmex10' loaded for size
(Font)              <7> on input line 2.
LaTeX Font Info:    External font `cmex10' loaded for size
(Font)              <5> on input line 2.
! Missing { inserted.
<to be read again> 
                   }
l.2 ...e/docs/rixtmajer_morton_raznostnie_metody_}
                                                  {–†–∏—Ö—Ç–º–∞–π–µ—Ä –†., –...
A left brace was mandatory here, so I've put one in.
You might want to delete and/or insert some corrections
so that I will find a matching right brace soon.
(If you're confused by all this, try typing `I}' now.)


! LaTeX Error: \begin{document} ended by \end{thebibliography}.

See the LaTeX manual or LaTeX Companion for explanation.
Type  H <return>  for immediate help.
 ...                                              
                                                  
l.3 \end{thebibliography}
                         
Your command was ignored.
Type  I <command> <return>  to replace it with another command,
or  <return>  to continue without it.

! Missing $ inserted.
<inserted text> 
                $
l.3 \end{thebibliography}
                         
I've inserted something that you may have forgotten.
(See the <inserted text> above.)
With luck, this will get me unwedged. But if you
really didn't forget anything, try typing `2' now; then
my insertion and my current dilemma will both disappear.

Missing character: There is no – in font cmr10!
Missing character: There is no † in font cmr10!
Missing character: There is no – in font cmr10!
Missing character: There is no ∏ in font cmr10!
Missing character: There is no — in font cmr10!
Missing character: There is no Ö in font cmr10!
Missing character: There is no — in font cmr10!
Missing character: There is no Ç in font cmr10!
Missing character: There is no – in font cmr10!
Missing character: There is no º in font cmr10!
Missing character: There is no – in font cmr10!
Missing character: There is no ∞ in font cmr10!
Missing character: There is no – in font cmr10!
Missing character: There is no π in font cmr10!
Missing character: There is no – in font cmr10!
Missing character: There is no µ in font cmr10!
Missing character: There is no — in font cmr10!
Missing character: There is no Ä in font cmr10!
Missing character: There is no – in font cmr10!
Missing character: There is no † in font cmr10!
Missing character: There is no – in font cmr10!
Missing character: There is no ú in font cmr10!
Missing character: There is no – in font cmr10!
Missing character: There is no æ in font cmr10!
Missing character: There is no — in font cmr10!
Missing character: There is no Ä in font cmr10!
Missing character: There is no — in font cmr10!
Missing character: There is no Ç in font cmr10!
Missing character: There is no – in font cmr10!
Missing character: There is no æ in font cmr10!
Missing character: There is no – in font cmr10!
Missing character: There is no Ω in font cmr10!
Missing character: There is no – in font cmr10!
Missing character: There is no ö in font cmr10!
Missing character: There is no – in font cmr10!
Missing character: There is no † in font cmr10!
Missing character: There is no – in font cmr10!
Missing character: There is no ∞ in font cmr10!
Missing character: There is no – in font cmr10!
Missing character: There is no ∑ in font cmr10!
Missing character: There is no – in font cmr10!
Missing character: There is no Ω in font cmr10!
Missing character: There is no – in font cmr10!
Missing character: There is no æ in font cmr10!
Missing character: There is no — in font cmr10!
Missing character: There is no Å in font cmr10!
Missing character: There is no — in font cmr10!
Missing character: There is no Ç in font cmr10!
Missing character: There is no – in font cmr10!
Missing character: There is no Ω in font cmr10!
Missing character: There is no — in font cmr10!
Missing character: There is no ã in font cmr10!
Missing character: There is no – in font cmr10!
Missing character: There is no µ in font cmr10!
Missing character: There is no – in font cmr10!
Missing character: There is no º in font cmr10!
Missing character: There is no – in font cmr10!
Missing character: There is no µ in font cmr10!
Missing character: There is no — in font cmr10!
Missing character: There is no Ç in font cmr10!
Missing character: There is no – in font cmr10!
Missing character: There is no æ in font cmr10!
Missing character: There is no – in font cmr10!
Missing character: There is no ¥ in font cmr10!
Missing character: There is no — in font cmr10!
Missing character: There is no ã in font cmr10!
Missing character: There is no — in font cmr10!
Missing character: There is no Ä in font cmr10!
Missing character: There is no – in font cmr10!
Missing character: There is no µ in font cmr10!
Missing character: There is no — in font cmr10!
Missing character: There is no à in font cmr10!
Missing character: There is no – in font cmr10!
Missing character: There is no µ in font cmr10!
Missing character: There is no – in font cmr10!
Missing character: There is no Ω in font cmr10!
Missing character: There is no – in font cmr10!
Missing character: There is no ∏ in font cmr10!
Missing character: There is no — in font cmr10!
Missing character: There is no è in font cmr10!
Missing character: There is no – in font cmr10!
Missing character: There is no ∫ in font cmr10!
Missing character: There is no — in font cmr10!
Missing character: There is no Ä in font cmr10!
Missing character: There is no – in font cmr10!
Missing character: There is no ∞ in font cmr10!
Missing character: There is no – in font cmr10!
Missing character: There is no µ in font cmr10!
Missing character: There is no – in font cmr10!
Missing character: There is no ≤ in font cmr10!
Missing character: There is no — in font cmr10!
Missing character: There is no ã in font cmr10!
Missing character: There is no — in font cmr10!
Missing character: There is no Ö in font cmr10!
Missing character: There is no – in font cmr10!
Missing character: There is no ∑ in font cmr10!
Missing character: There is no – in font cmr10!
Missing character: There is no ∞ in font cmr10!
Missing character: There is no – in font cmr10!
Missing character: There is no ¥ in font cmr10!
Missing character: There is no – in font cmr10!
Missing character: There is no ∞ in font cmr10!
Missing character: There is no — in font cmr10!
Missing character: There is no á in font cmr10!
Missing character: There is no – in font cmr10!
Missing character: There is no ü in font cmr10!
Missing character: There is no – in font cmr10!
Missing character: There is no µ in font cmr10!
Missing character: There is no — in font cmr10!
Missing character: There is no Ä in font cmr10!
Missing character: There is no — in font cmr10!
Missing character: There is no Å in font cmr10!
Missing character: There is no – in font cmr10!
Missing character: There is no ∞ in font cmr10!
Missing character: There is no – in font cmr10!
Missing character: There is no Ω in font cmr10!
Missing character: There is no – in font cmr10!
Missing character: There is no ≥ in font cmr10!
Missing character: There is no – in font cmr10!
Missing character: There is no ª in font cmr10!
Missing character: There is no ‚ in font cmr10!
Missing character: There is no Ä in font cmr10!
Missing character: There is no î in font cmr10!
Missing character: There is no – in font cmr10!
Missing character: There is no ú in font cmr10!
Missing character: There is no – in font cmr10!
Missing character: There is no ú in font cmr10!
Missing character: There is no – in font cmr10!
Missing character: There is no ∏ in font cmr10!
Missing character: There is no — in font cmr10!
Missing character: There is no Ä in font cmr10!
Missing character: There is no — in font cmr10!
Missing character: There is no Å in font cmr10!
! Missing } inserted.
<inserted text> 
                }
l.3 \end{thebibliography}
                         
I've inserted something that you may have forgotten.
(See the <inserted text> above.)
With luck, this will get me unwedged. But if you
really didn't forget anything, try typing `2' now; then
my insertion and my current dilemma will both disappear.

)
! Emergency stop.
<*> literature.tex
                  
*** (job aborted, no legal \end found)

 
Here is how much of TeX's memory you used:
 9 strings out of 494515
 206 string characters out of 6173719
 50073 words of memory out of 5000000
 3330 multiletter control sequences out of 15000+600000
 3640 words of font info for 14 fonts, out of 8000000 for 9000
 430 hyphenation exceptions out of 8191
 18i,2n,12p,311b,74s stack positions out of 5000i,500n,10000p,200000b,80000s
!  ==> Fatal error occurred, no output PDF file produced!
